0 info it worked if it ends with ok
1 verbose cli [ 'C:\\Program Files\\nodejs\\\\node.exe',
1 verbose cli   'C:\\Program Files\\nodejs\\node_modules\\npm\\bin\\npm-cli.js',
1 verbose cli   'install' ]
2 info using npm@1.4.28
3 info using node@v0.10.35
4 verbose node symlink C:\Program Files\nodejs\\node.exe
5 verbose readDependencies using package.json deps
6 verbose install where, deps [ 'D:\\Repository\\AndroidPlayer\\player-client',
6 verbose install   [ 'karma',
6 verbose install     'protractor',
6 verbose install     'http-server',
6 verbose install     'bower',
6 verbose install     'shelljs',
6 verbose install     'karma-junit-reporter' ] ]
7 info preinstall angular-seed@0.0.0
8 verbose readDependencies using package.json deps
9 verbose already installed skipping karma@~0.10 D:\Repository\AndroidPlayer\player-client
10 verbose already installed skipping protractor@^1.1.1 D:\Repository\AndroidPlayer\player-client
11 verbose already installed skipping http-server@^0.6.1 D:\Repository\AndroidPlayer\player-client
12 verbose already installed skipping bower@^1.3.1 D:\Repository\AndroidPlayer\player-client
13 verbose already installed skipping shelljs@^0.2.6 D:\Repository\AndroidPlayer\player-client
14 verbose already installed skipping karma-junit-reporter@^0.2.2 D:\Repository\AndroidPlayer\player-client
15 silly resolved []
16 info build D:\Repository\AndroidPlayer\player-client
17 verbose linkStuff [ false, false, false, 'D:\\Repository\\AndroidPlayer' ]
18 info linkStuff angular-seed@0.0.0
19 verbose linkBins angular-seed@0.0.0
20 verbose linkMans angular-seed@0.0.0
21 verbose rebuildBundles angular-seed@0.0.0
22 verbose rebuildBundles [ '.bin',
22 verbose rebuildBundles   'bower',
22 verbose rebuildBundles   'http-server',
22 verbose rebuildBundles   'karma',
22 verbose rebuildBundles   'karma-junit-reporter',
22 verbose rebuildBundles   'protractor',
22 verbose rebuildBundles   'shelljs' ]
23 info install angular-seed@0.0.0
24 info postinstall angular-seed@0.0.0
25 verbose unsafe-perm in lifecycle true
26 info angular-seed@0.0.0 Failed to exec postinstall script
27 error angular-seed@0.0.0 postinstall: `bower install`
27 error Exit status 1
28 error Failed at the angular-seed@0.0.0 postinstall script.
28 error This is most likely a problem with the angular-seed package,
28 error not with npm itself.
28 error Tell the author that this fails on your system:
28 error     bower install
28 error You can get their info via:
28 error     npm owner ls angular-seed
28 error There is likely additional logging output above.
29 error System Windows_NT 6.1.7601
30 error command "C:\\Program Files\\nodejs\\\\node.exe" "C:\\Program Files\\nodejs\\node_modules\\npm\\bin\\npm-cli.js" "install"
31 error cwd D:\Repository\AndroidPlayer\player-client
32 error node -v v0.10.35
33 error npm -v 1.4.28
34 error code ELIFECYCLE
35 verbose exit [ 1, true ]
